<?xml version="1.0" encoding="UTF-8"?>
<!-- Generated by org.testng.reporters.JUnitXMLReporter -->
<testsuite ignored="0" hostname="DESKTOP-LCCU5LL" failures="0" tests="4" name="Surefire test" time="42.988" errors="0" timestamp="2021-04-27T14:04:13 MDT">
  <testcase classname="tests.LoginTest" name="login" time="6.184"/>
  <testcase classname="tests.LoginTest" name="login" time="5.289"/>
  <testcase classname="tests.threeTest" name="threetest" time="0.001"/>
  <testcase classname="tests.twoTest" name="twotest" time="0.001"/>
</testsuite> <!-- Surefire test -->
